[1.269s] Invoking command in '/home/aaron/Team-Rover/src/rover': PYTHONPATH=/home/aaron/Team-Rover/build/rover/prefix_override:/home/aaron/Team-Rover/install/rover/lib/python3.10/site-packages:${PYTHONPATH} /usr/bin/python3 -W ignore:setup.py install is deprecated setup.py egg_info --egg-base ../../build/rover build --build-base /home/aaron/Team-Rover/build/rover/build install --record /home/aaron/Team-Rover/build/rover/install.log --single-version-externally-managed install_data
[1.534s] running egg_info
[1.535s] creating ../../build/rover/rover.egg-info
[1.535s] writing ../../build/rover/rover.egg-info/PKG-INFO
[1.535s] writing dependency_links to ../../build/rover/rover.egg-info/dependency_links.txt
[1.535s] writing entry points to ../../build/rover/rover.egg-info/entry_points.txt
[1.535s] writing requirements to ../../build/rover/rover.egg-info/requires.txt
[1.536s] writing top-level names to ../../build/rover/rover.egg-info/top_level.txt
[1.537s] writing manifest file '../../build/rover/rover.egg-info/SOURCES.txt'
[1.539s] reading manifest file '../../build/rover/rover.egg-info/SOURCES.txt'
[1.540s] writing manifest file '../../build/rover/rover.egg-info/SOURCES.txt'
[1.540s] running build
[1.540s] running build_py
[1.540s] creating /home/aaron/Team-Rover/build/rover/build
[1.540s] creating /home/aaron/Team-Rover/build/rover/build/lib
[1.540s] creating /home/aaron/Team-Rover/build/rover/build/lib/rover
[1.541s] copying rover/localization.py -> /home/aaron/Team-Rover/build/rover/build/lib/rover
[1.541s] copying rover/__init__.py -> /home/aaron/Team-Rover/build/rover/build/lib/rover
[1.541s] running install
[1.541s] running install_lib
[1.542s] creating /home/aaron/Team-Rover/install/rover/lib/python3.10/site-packages/rover
[1.542s] copying /home/aaron/Team-Rover/build/rover/build/lib/rover/localization.py -> /home/aaron/Team-Rover/install/rover/lib/python3.10/site-packages/rover
[1.542s] copying /home/aaron/Team-Rover/build/rover/build/lib/rover/__init__.py -> /home/aaron/Team-Rover/install/rover/lib/python3.10/site-packages/rover
[1.543s] byte-compiling /home/aaron/Team-Rover/install/rover/lib/python3.10/site-packages/rover/localization.py to localization.cpython-310.pyc
[1.543s] byte-compiling /home/aaron/Team-Rover/install/rover/lib/python3.10/site-packages/rover/__init__.py to __init__.cpython-310.pyc
[1.543s] running install_data
[1.543s] creating /home/aaron/Team-Rover/install/rover/share/ament_index
[1.544s] creating /home/aaron/Team-Rover/install/rover/share/ament_index/resource_index
[1.544s] creating /home/aaron/Team-Rover/install/rover/share/ament_index/resource_index/packages
[1.544s] copying resource/rover -> /home/aaron/Team-Rover/install/rover/share/ament_index/resource_index/packages
[1.544s] copying package.xml -> /home/aaron/Team-Rover/install/rover/share/rover
[1.544s] running install_egg_info
[1.546s] Copying ../../build/rover/rover.egg-info to /home/aaron/Team-Rover/install/rover/lib/python3.10/site-packages/rover-0.0.0-py3.10.egg-info
[1.547s] running install_scripts
[1.571s] writing list of installed files to '/home/aaron/Team-Rover/build/rover/install.log'
[1.615s] Invoked command in '/home/aaron/Team-Rover/src/rover' returned '0': PYTHONPATH=/home/aaron/Team-Rover/build/rover/prefix_override:/home/aaron/Team-Rover/install/rover/lib/python3.10/site-packages:${PYTHONPATH} /usr/bin/python3 -W ignore:setup.py install is deprecated setup.py egg_info --egg-base ../../build/rover build --build-base /home/aaron/Team-Rover/build/rover/build install --record /home/aaron/Team-Rover/build/rover/install.log --single-version-externally-managed install_data
