running egg_info
writing ../../build/vn/vn.egg-info/PKG-INFO
writing dependency_links to ../../build/vn/vn.egg-info/dependency_links.txt
writing entry points to ../../build/vn/vn.egg-info/entry_points.txt
writing requirements to ../../build/vn/vn.egg-info/requires.txt
writing top-level names to ../../build/vn/vn.egg-info/top_level.txt
reading manifest file '../../build/vn/vn.egg-info/SOURCES.txt'
writing manifest file '../../build/vn/vn.egg-info/SOURCES.txt'
running build
running build_py
creating /home/aaron/Team-Rover/build/vn/build
creating /home/aaron/Team-Rover/build/vn/build/lib
creating /home/aaron/Team-Rover/build/vn/build/lib/vn
copying vn/__init__.py -> /home/aaron/Team-Rover/build/vn/build/lib/vn
copying vn/vectornav.py -> /home/aaron/Team-Rover/build/vn/build/lib/vn
copying vn/driver.py -> /home/aaron/Team-Rover/build/vn/build/lib/vn
running install
running install_lib
creating /home/aaron/Team-Rover/install/vn/lib/python3.10/site-packages/vn
copying /home/aaron/Team-Rover/build/vn/build/lib/vn/__init__.py -> /home/aaron/Team-Rover/install/vn/lib/python3.10/site-packages/vn
copying /home/aaron/Team-Rover/build/vn/build/lib/vn/vectornav.py -> /home/aaron/Team-Rover/install/vn/lib/python3.10/site-packages/vn
copying /home/aaron/Team-Rover/build/vn/build/lib/vn/driver.py -> /home/aaron/Team-Rover/install/vn/lib/python3.10/site-packages/vn
byte-compiling /home/aaron/Team-Rover/install/vn/lib/python3.10/site-packages/vn/__init__.py to __init__.cpython-310.pyc
byte-compiling /home/aaron/Team-Rover/install/vn/lib/python3.10/site-packages/vn/vectornav.py to vectornav.cpython-310.pyc
byte-compiling /home/aaron/Team-Rover/install/vn/lib/python3.10/site-packages/vn/driver.py to driver.cpython-310.pyc
running install_data
copying resource/vn -> /home/aaron/Team-Rover/install/vn/share/ament_index/resource_index/packages
copying package.xml -> /home/aaron/Team-Rover/install/vn/share/vn
running install_egg_info
removing '/home/aaron/Team-Rover/install/vn/lib/python3.10/site-packages/vn-0.0.0-py3.10.egg-info' (and everything under it)
Copying ../../build/vn/vn.egg-info to /home/aaron/Team-Rover/install/vn/lib/python3.10/site-packages/vn-0.0.0-py3.10.egg-info
running install_scripts
writing list of installed files to '/home/aaron/Team-Rover/build/vn/install.log'
