[0.923s] Invoking command in '/home/aaron/Team-Rover/src/vn': PYTHONPATH=/home/aaron/Team-Rover/build/vn/prefix_override:/home/aaron/Team-Rover/install/vn/lib/python3.10/site-packages:${PYTHONPATH} /usr/bin/python3 -W ignore:setup.py install is deprecated setup.py egg_info --egg-base ../../build/vn build --build-base /home/aaron/Team-Rover/build/vn/build install --record /home/aaron/Team-Rover/build/vn/install.log --single-version-externally-managed install_data
[1.163s] running egg_info
[1.163s] writing ../../build/vn/vn.egg-info/PKG-INFO
[1.164s] writing dependency_links to ../../build/vn/vn.egg-info/dependency_links.txt
[1.164s] writing entry points to ../../build/vn/vn.egg-info/entry_points.txt
[1.164s] writing requirements to ../../build/vn/vn.egg-info/requires.txt
[1.164s] writing top-level names to ../../build/vn/vn.egg-info/top_level.txt
[1.168s] reading manifest file '../../build/vn/vn.egg-info/SOURCES.txt'
[1.169s] writing manifest file '../../build/vn/vn.egg-info/SOURCES.txt'
[1.169s] running build
[1.169s] running build_py
[1.169s] creating /home/aaron/Team-Rover/build/vn/build
[1.170s] creating /home/aaron/Team-Rover/build/vn/build/lib
[1.170s] creating /home/aaron/Team-Rover/build/vn/build/lib/vn
[1.170s] copying vn/__init__.py -> /home/aaron/Team-Rover/build/vn/build/lib/vn
[1.170s] copying vn/vectornav.py -> /home/aaron/Team-Rover/build/vn/build/lib/vn
[1.170s] copying vn/driver.py -> /home/aaron/Team-Rover/build/vn/build/lib/vn
[1.170s] running install
[1.171s] running install_lib
[1.171s] creating /home/aaron/Team-Rover/install/vn/lib/python3.10/site-packages/vn
[1.172s] copying /home/aaron/Team-Rover/build/vn/build/lib/vn/__init__.py -> /home/aaron/Team-Rover/install/vn/lib/python3.10/site-packages/vn
[1.172s] copying /home/aaron/Team-Rover/build/vn/build/lib/vn/vectornav.py -> /home/aaron/Team-Rover/install/vn/lib/python3.10/site-packages/vn
[1.172s] copying /home/aaron/Team-Rover/build/vn/build/lib/vn/driver.py -> /home/aaron/Team-Rover/install/vn/lib/python3.10/site-packages/vn
[1.172s] byte-compiling /home/aaron/Team-Rover/install/vn/lib/python3.10/site-packages/vn/__init__.py to __init__.cpython-310.pyc
[1.172s] byte-compiling /home/aaron/Team-Rover/install/vn/lib/python3.10/site-packages/vn/vectornav.py to vectornav.cpython-310.pyc
[1.174s] byte-compiling /home/aaron/Team-Rover/install/vn/lib/python3.10/site-packages/vn/driver.py to driver.cpython-310.pyc
[1.175s] running install_data
[1.175s] copying resource/vn -> /home/aaron/Team-Rover/install/vn/share/ament_index/resource_index/packages
[1.175s] copying package.xml -> /home/aaron/Team-Rover/install/vn/share/vn
[1.175s] running install_egg_info
[1.177s] removing '/home/aaron/Team-Rover/install/vn/lib/python3.10/site-packages/vn-0.0.0-py3.10.egg-info' (and everything under it)
[1.178s] Copying ../../build/vn/vn.egg-info to /home/aaron/Team-Rover/install/vn/lib/python3.10/site-packages/vn-0.0.0-py3.10.egg-info
[1.179s] running install_scripts
[1.201s] writing list of installed files to '/home/aaron/Team-Rover/build/vn/install.log'
[1.234s] Invoked command in '/home/aaron/Team-Rover/src/vn' returned '0': PYTHONPATH=/home/aaron/Team-Rover/build/vn/prefix_override:/home/aaron/Team-Rover/install/vn/lib/python3.10/site-packages:${PYTHONPATH} /usr/bin/python3 -W ignore:setup.py install is deprecated setup.py egg_info --egg-base ../../build/vn build --build-base /home/aaron/Team-Rover/build/vn/build install --record /home/aaron/Team-Rover/build/vn/install.log --single-version-externally-managed install_data
