[1.253s] Invoking command in '/home/aaron/Team-Rover/src/vn': PYTHONPATH=/home/aaron/Team-Rover/build/vn/prefix_override:/home/aaron/Team-Rover/install/vn/lib/python3.10/site-packages:${PYTHONPATH} /usr/bin/python3 -W ignore:setup.py install is deprecated setup.py egg_info --egg-base ../../build/vn build --build-base /home/aaron/Team-Rover/build/vn/build install --record /home/aaron/Team-Rover/build/vn/install.log --single-version-externally-managed install_data
[1.539s] running egg_info
[1.540s] writing ../../build/vn/vn.egg-info/PKG-INFO
[1.540s] writing dependency_links to ../../build/vn/vn.egg-info/dependency_links.txt
[1.540s] writing entry points to ../../build/vn/vn.egg-info/entry_points.txt
[1.540s] writing requirements to ../../build/vn/vn.egg-info/requires.txt
[1.540s] writing top-level names to ../../build/vn/vn.egg-info/top_level.txt
[1.544s] reading manifest file '../../build/vn/vn.egg-info/SOURCES.txt'
[1.545s] writing manifest file '../../build/vn/vn.egg-info/SOURCES.txt'
[1.545s] running build
[1.545s] running build_py
[1.546s] running install
[1.546s] running install_lib
[1.547s] running install_data
[1.547s] running install_egg_info
[1.549s] removing '/home/aaron/Team-Rover/install/vn/lib/python3.10/site-packages/vn-0.0.0-py3.10.egg-info' (and everything under it)
[1.549s] Copying ../../build/vn/vn.egg-info to /home/aaron/Team-Rover/install/vn/lib/python3.10/site-packages/vn-0.0.0-py3.10.egg-info
[1.550s] running install_scripts
[1.576s] writing list of installed files to '/home/aaron/Team-Rover/build/vn/install.log'
[1.625s] Invoked command in '/home/aaron/Team-Rover/src/vn' returned '0': PYTHONPATH=/home/aaron/Team-Rover/build/vn/prefix_override:/home/aaron/Team-Rover/install/vn/lib/python3.10/site-packages:${PYTHONPATH} /usr/bin/python3 -W ignore:setup.py install is deprecated setup.py egg_info --egg-base ../../build/vn build --build-base /home/aaron/Team-Rover/build/vn/build install --record /home/aaron/Team-Rover/build/vn/install.log --single-version-externally-managed install_data
