[1.259s] Invoking command in '/home/aaron/Team-Rover/src/gps': PYTHONPATH=/home/aaron/Team-Rover/build/gps/prefix_override:/home/aaron/Team-Rover/install/gps/lib/python3.10/site-packages:${PYTHONPATH} /usr/bin/python3 -W ignore:setup.py install is deprecated setup.py egg_info --egg-base ../../build/gps build --build-base /home/aaron/Team-Rover/build/gps/build install --record /home/aaron/Team-Rover/build/gps/install.log --single-version-externally-managed install_data
[1.531s] running egg_info
[1.532s] writing ../../build/gps/gps.egg-info/PKG-INFO
[1.532s] writing dependency_links to ../../build/gps/gps.egg-info/dependency_links.txt
[1.533s] writing entry points to ../../build/gps/gps.egg-info/entry_points.txt
[1.533s] writing requirements to ../../build/gps/gps.egg-info/requires.txt
[1.533s] writing top-level names to ../../build/gps/gps.egg-info/top_level.txt
[1.537s] reading manifest file '../../build/gps/gps.egg-info/SOURCES.txt'
[1.538s] writing manifest file '../../build/gps/gps.egg-info/SOURCES.txt'
[1.538s] running build
[1.538s] running build_py
[1.539s] running install
[1.539s] running install_lib
[1.540s] running install_data
[1.540s] running install_egg_info
[1.542s] removing '/home/aaron/Team-Rover/install/gps/lib/python3.10/site-packages/gps-0.0.0-py3.10.egg-info' (and everything under it)
[1.542s] Copying ../../build/gps/gps.egg-info to /home/aaron/Team-Rover/install/gps/lib/python3.10/site-packages/gps-0.0.0-py3.10.egg-info
[1.543s] running install_scripts
[1.571s] writing list of installed files to '/home/aaron/Team-Rover/build/gps/install.log'
[1.607s] Invoked command in '/home/aaron/Team-Rover/src/gps' returned '0': PYTHONPATH=/home/aaron/Team-Rover/build/gps/prefix_override:/home/aaron/Team-Rover/install/gps/lib/python3.10/site-packages:${PYTHONPATH} /usr/bin/python3 -W ignore:setup.py install is deprecated setup.py egg_info --egg-base ../../build/gps build --build-base /home/aaron/Team-Rover/build/gps/build install --record /home/aaron/Team-Rover/build/gps/install.log --single-version-externally-managed install_data
