[35m[1mConsolidate compiler generated dependencies of target ld08_driver[0m
[100%] Built target ld08_driver
-- Install configuration: ""
-- Installing: /home/aaron/Team-Rover/install/ld08_driver/share/ld08_driver/launch
-- Installing: /home/aaron/Team-Rover/install/ld08_driver/share/ld08_driver/launch/ld08.launch.py
-- Installing: /home/aaron/Team-Rover/install/ld08_driver/lib/ld08_driver/ld08_driver
-- Set runtime path of "/home/aaron/Team-Rover/install/ld08_driver/lib/ld08_driver/ld08_driver" to ""
-- Installing: /home/aaron/Team-Rover/install/ld08_driver/share/ament_index/resource_index/package_run_dependencies/ld08_driver
-- Installing: /home/aaron/Team-Rover/install/ld08_driver/share/ament_index/resource_index/parent_prefix_path/ld08_driver
-- Installing: /home/aaron/Team-Rover/install/ld08_driver/share/ld08_driver/environment/ament_prefix_path.sh
-- Installing: /home/aaron/Team-Rover/install/ld08_driver/share/ld08_driver/environment/ament_prefix_path.dsv
-- Installing: /home/aaron/Team-Rover/install/ld08_driver/share/ld08_driver/environment/path.sh
-- Installing: /home/aaron/Team-Rover/install/ld08_driver/share/ld08_driver/environment/path.dsv
-- Installing: /home/aaron/Team-Rover/install/ld08_driver/share/ld08_driver/local_setup.bash
-- Installing: /home/aaron/Team-Rover/install/ld08_driver/share/ld08_driver/local_setup.sh
-- Installing: /home/aaron/Team-Rover/install/ld08_driver/share/ld08_driver/local_setup.zsh
-- Installing: /home/aaron/Team-Rover/install/ld08_driver/share/ld08_driver/local_setup.dsv
-- Installing: /home/aaron/Team-Rover/install/ld08_driver/share/ld08_driver/package.dsv
-- Installing: /home/aaron/Team-Rover/install/ld08_driver/share/ament_index/resource_index/packages/ld08_driver
-- Installing: /home/aaron/Team-Rover/install/ld08_driver/share/ld08_driver/cmake/ament_cmake_export_dependencies-extras.cmake
-- Installing: /home/aaron/Team-Rover/install/ld08_driver/share/ld08_driver/cmake/ament_cmake_export_include_directories-extras.cmake
-- Installing: /home/aaron/Team-Rover/install/ld08_driver/share/ld08_driver/cmake/ld08_driverConfig.cmake
-- Installing: /home/aaron/Team-Rover/install/ld08_driver/share/ld08_driver/cmake/ld08_driverConfig-version.cmake
-- Installing: /home/aaron/Team-Rover/install/ld08_driver/share/ld08_driver/package.xml
