[0.167s] DEBUG:colcon:Command line arguments: ['/home/aaron/.local/bin/colcon', 'build']
[0.167s] DEBUG:colcon:Parsed command line arguments: Namespace(log_base=None, log_level=None, verb_name='build', build_base='build', install_base='install', merge_install=False, symlink_install=False, test_result_base=None, continue_on_error=False, executor='parallel', parallel_workers=8, event_handlers=None, ignore_user_meta=False, metas=['./colcon.meta'], base_paths=['.'], packages_ignore=None, packages_ignore_regex=None, paths=None, packages_up_to=None, packages_up_to_regex=None, packages_above=None, packages_above_and_dependencies=None, packages_above_depth=None, packages_select_by_dep=None, packages_skip_by_dep=None, packages_skip_up_to=None, packages_select_build_failed=False, packages_skip_build_finished=False, packages_select_test_failures=False, packages_skip_test_passed=False, packages_select=None, packages_skip=None, packages_select_regex=None, packages_skip_regex=None, packages_start=None, packages_end=None, allow_overriding=[], cmake_args=None, cmake_target=None, cmake_target_skip_unavailable=False, cmake_clean_cache=False, cmake_clean_first=False, cmake_force_configure=False, ament_cmake_args=None, catkin_cmake_args=None, catkin_skip_building_tests=False, verb_parser=<colcon_defaults.argument_parser.defaults.DefaultArgumentsDecorator object at 0x7f23b10c5f00>, verb_extension=<colcon_core.verb.build.BuildVerb object at 0x7f23b10c66b0>, main=<bound method BuildVerb.main of <colcon_core.verb.build.BuildVerb object at 0x7f23b10c66b0>>)
[0.314s] Level 1:colcon.colcon_core.package_discovery:discover_packages(colcon_meta) check parameters
[0.314s] Level 1:colcon.colcon_core.package_discovery:discover_packages(recursive) check parameters
[0.314s] Level 1:colcon.colcon_core.package_discovery:discover_packages(ignore) check parameters
[0.314s] Level 1:colcon.colcon_core.package_discovery:discover_packages(path) check parameters
[0.314s] Level 1:colcon.colcon_core.package_discovery:discover_packages(colcon_meta) discover
[0.314s] Level 1:colcon.colcon_core.package_discovery:discover_packages(recursive) discover
[0.314s] INFO:colcon.colcon_core.package_discovery:Crawling recursively for packages in '/home/aaron/Team-Rover'
[0.314s] Level 1:colcon.colcon_core.package_identification:_identify(.) by extensions ['ignore', 'ignore_ament_install']
[0.314s] Level 1:colcon.colcon_core.package_identification:_identify(.) by extension 'ignore'
[0.314s] Level 1:colcon.colcon_core.package_identification:_identify(.) by extension 'ignore_ament_install'
[0.314s] Level 1:colcon.colcon_core.package_identification:_identify(.) by extensions ['colcon_pkg']
[0.314s] Level 1:colcon.colcon_core.package_identification:_identify(.) by extension 'colcon_pkg'
[0.315s] Level 1:colcon.colcon_core.package_identification:_identify(.) by extensions ['colcon_meta']
[0.315s] Level 1:colcon.colcon_core.package_identification:_identify(.) by extension 'colcon_meta'
[0.315s] Level 1:colcon.colcon_core.package_identification:_identify(.) by extensions ['ros']
[0.315s] Level 1:colcon.colcon_core.package_identification:_identify(.) by extension 'ros'
[0.328s] Level 1:colcon.colcon_core.package_identification:_identify(.) by extensions ['cmake', 'python']
[0.328s] Level 1:colcon.colcon_core.package_identification:_identify(.) by extension 'cmake'
[0.329s] Level 1:colcon.colcon_core.package_identification:_identify(.) by extension 'python'
[0.329s] Level 1:colcon.colcon_core.package_identification:_identify(.) by extensions ['python_setup_py']
[0.329s] Level 1:colcon.colcon_core.package_identification:_identify(.) by extension 'python_setup_py'
[0.329s] Level 1:colcon.colcon_core.package_identification:_identify(build) by extensions ['ignore', 'ignore_ament_install']
[0.329s] Level 1:colcon.colcon_core.package_identification:_identify(build) by extension 'ignore'
[0.329s] Level 1:colcon.colcon_core.package_identification:_identify(build) ignored
[0.329s] Level 1:colcon.colcon_core.package_identification:_identify(install) by extensions ['ignore', 'ignore_ament_install']
[0.329s] Level 1:colcon.colcon_core.package_identification:_identify(install) by extension 'ignore'
[0.329s] Level 1:colcon.colcon_core.package_identification:_identify(install) ignored
[0.329s] Level 1:colcon.colcon_core.package_identification:_identify(log) by extensions ['ignore', 'ignore_ament_install']
[0.329s] Level 1:colcon.colcon_core.package_identification:_identify(log) by extension 'ignore'
[0.329s] Level 1:colcon.colcon_core.package_identification:_identify(log) ignored
[0.329s] Level 1:colcon.colcon_core.package_identification:_identify(src) by extensions ['ignore', 'ignore_ament_install']
[0.329s] Level 1:colcon.colcon_core.package_identification:_identify(src) by extension 'ignore'
[0.330s] Level 1:colcon.colcon_core.package_identification:_identify(src) by extension 'ignore_ament_install'
[0.330s] Level 1:colcon.colcon_core.package_identification:_identify(src) by extensions ['colcon_pkg']
[0.330s] Level 1:colcon.colcon_core.package_identification:_identify(src) by extension 'colcon_pkg'
[0.330s] Level 1:colcon.colcon_core.package_identification:_identify(src) by extensions ['colcon_meta']
[0.330s] Level 1:colcon.colcon_core.package_identification:_identify(src) by extension 'colcon_meta'
[0.330s] Level 1:colcon.colcon_core.package_identification:_identify(src) by extensions ['ros']
[0.330s] Level 1:colcon.colcon_core.package_identification:_identify(src) by extension 'ros'
[0.330s] Level 1:colcon.colcon_core.package_identification:_identify(src) by extensions ['cmake', 'python']
[0.330s] Level 1:colcon.colcon_core.package_identification:_identify(src) by extension 'cmake'
[0.330s] Level 1:colcon.colcon_core.package_identification:_identify(src) by extension 'python'
[0.330s] Level 1:colcon.colcon_core.package_identification:_identify(src) by extensions ['python_setup_py']
[0.330s] Level 1:colcon.colcon_core.package_identification:_identify(src) by extension 'python_setup_py'
[0.330s] Level 1:colcon.colcon_core.package_identification:_identify(src/gps) by extensions ['ignore', 'ignore_ament_install']
[0.330s] Level 1:colcon.colcon_core.package_identification:_identify(src/gps) by extension 'ignore'
[0.330s] Level 1:colcon.colcon_core.package_identification:_identify(src/gps) by extension 'ignore_ament_install'
[0.330s] Level 1:colcon.colcon_core.package_identification:_identify(src/gps) by extensions ['colcon_pkg']
[0.330s] Level 1:colcon.colcon_core.package_identification:_identify(src/gps) by extension 'colcon_pkg'
[0.330s] Level 1:colcon.colcon_core.package_identification:_identify(src/gps) by extensions ['colcon_meta']
[0.330s] Level 1:colcon.colcon_core.package_identification:_identify(src/gps) by extension 'colcon_meta'
[0.330s] Level 1:colcon.colcon_core.package_identification:_identify(src/gps) by extensions ['ros']
[0.330s] Level 1:colcon.colcon_core.package_identification:_identify(src/gps) by extension 'ros'
[0.333s] DEBUG:colcon.colcon_core.package_identification:Package 'src/gps' with type 'ros.ament_python' and name 'gps'
[0.333s] Level 1:colcon.colcon_core.package_identification:_identify(src/lidar) by extensions ['ignore', 'ignore_ament_install']
[0.333s] Level 1:colcon.colcon_core.package_identification:_identify(src/lidar) by extension 'ignore'
[0.333s] Level 1:colcon.colcon_core.package_identification:_identify(src/lidar) by extension 'ignore_ament_install'
[0.333s] Level 1:colcon.colcon_core.package_identification:_identify(src/lidar) by extensions ['colcon_pkg']
[0.333s] Level 1:colcon.colcon_core.package_identification:_identify(src/lidar) by extension 'colcon_pkg'
[0.333s] Level 1:colcon.colcon_core.package_identification:_identify(src/lidar) by extensions ['colcon_meta']
[0.333s] Level 1:colcon.colcon_core.package_identification:_identify(src/lidar) by extension 'colcon_meta'
[0.333s] Level 1:colcon.colcon_core.package_identification:_identify(src/lidar) by extensions ['ros']
[0.333s] Level 1:colcon.colcon_core.package_identification:_identify(src/lidar) by extension 'ros'
[0.334s] Level 1:colcon.colcon_core.package_identification:_identify(src/lidar) by extensions ['cmake', 'python']
[0.334s] Level 1:colcon.colcon_core.package_identification:_identify(src/lidar) by extension 'cmake'
[0.334s] Level 1:colcon.colcon_core.package_identification:_identify(src/lidar) by extension 'python'
[0.334s] Level 1:colcon.colcon_core.package_identification:_identify(src/lidar) by extensions ['python_setup_py']
[0.334s] Level 1:colcon.colcon_core.package_identification:_identify(src/lidar) by extension 'python_setup_py'
[0.334s] Level 1:colcon.colcon_core.package_identification:_identify(src/lidar/ld08_driver) by extensions ['ignore', 'ignore_ament_install']
[0.334s] Level 1:colcon.colcon_core.package_identification:_identify(src/lidar/ld08_driver) by extension 'ignore'
[0.334s] Level 1:colcon.colcon_core.package_identification:_identify(src/lidar/ld08_driver) by extension 'ignore_ament_install'
[0.334s] Level 1:colcon.colcon_core.package_identification:_identify(src/lidar/ld08_driver) by extensions ['colcon_pkg']
[0.334s] Level 1:colcon.colcon_core.package_identification:_identify(src/lidar/ld08_driver) by extension 'colcon_pkg'
[0.334s] Level 1:colcon.colcon_core.package_identification:_identify(src/lidar/ld08_driver) by extensions ['colcon_meta']
[0.334s] Level 1:colcon.colcon_core.package_identification:_identify(src/lidar/ld08_driver) by extension 'colcon_meta'
[0.334s] Level 1:colcon.colcon_core.package_identification:_identify(src/lidar/ld08_driver) by extensions ['ros']
[0.334s] Level 1:colcon.colcon_core.package_identification:_identify(src/lidar/ld08_driver) by extension 'ros'
[0.335s] DEBUG:colcon.colcon_core.package_identification:Package 'src/lidar/ld08_driver' with type 'ros.ament_cmake' and name 'ld08_driver'
[0.335s] Level 1:colcon.colcon_core.package_identification:_identify(src/lora) by extensions ['ignore', 'ignore_ament_install']
[0.335s] Level 1:colcon.colcon_core.package_identification:_identify(src/lora) by extension 'ignore'
[0.335s] Level 1:colcon.colcon_core.package_identification:_identify(src/lora) by extension 'ignore_ament_install'
[0.335s] Level 1:colcon.colcon_core.package_identification:_identify(src/lora) by extensions ['colcon_pkg']
[0.335s] Level 1:colcon.colcon_core.package_identification:_identify(src/lora) by extension 'colcon_pkg'
[0.335s] Level 1:colcon.colcon_core.package_identification:_identify(src/lora) by extensions ['colcon_meta']
[0.335s] Level 1:colcon.colcon_core.package_identification:_identify(src/lora) by extension 'colcon_meta'
[0.335s] Level 1:colcon.colcon_core.package_identification:_identify(src/lora) by extensions ['ros']
[0.335s] Level 1:colcon.colcon_core.package_identification:_identify(src/lora) by extension 'ros'
[0.335s] Level 1:colcon.colcon_core.package_identification:_identify(src/lora) by extensions ['cmake', 'python']
[0.335s] Level 1:colcon.colcon_core.package_identification:_identify(src/lora) by extension 'cmake'
[0.335s] Level 1:colcon.colcon_core.package_identification:_identify(src/lora) by extension 'python'
[0.335s] Level 1:colcon.colcon_core.package_identification:_identify(src/lora) by extensions ['python_setup_py']
[0.335s] Level 1:colcon.colcon_core.package_identification:_identify(src/lora) by extension 'python_setup_py'
[0.335s] Level 1:colcon.colcon_core.package_identification:_identify(src/motors) by extensions ['ignore', 'ignore_ament_install']
[0.336s] Level 1:colcon.colcon_core.package_identification:_identify(src/motors) by extension 'ignore'
[0.336s] Level 1:colcon.colcon_core.package_identification:_identify(src/motors) by extension 'ignore_ament_install'
[0.336s] Level 1:colcon.colcon_core.package_identification:_identify(src/motors) by extensions ['colcon_pkg']
[0.336s] Level 1:colcon.colcon_core.package_identification:_identify(src/motors) by extension 'colcon_pkg'
[0.336s] Level 1:colcon.colcon_core.package_identification:_identify(src/motors) by extensions ['colcon_meta']
[0.336s] Level 1:colcon.colcon_core.package_identification:_identify(src/motors) by extension 'colcon_meta'
[0.336s] Level 1:colcon.colcon_core.package_identification:_identify(src/motors) by extensions ['ros']
[0.336s] Level 1:colcon.colcon_core.package_identification:_identify(src/motors) by extension 'ros'
[0.336s] Level 1:colcon.colcon_core.package_identification:_identify(src/motors) by extensions ['cmake', 'python']
[0.336s] Level 1:colcon.colcon_core.package_identification:_identify(src/motors) by extension 'cmake'
[0.336s] Level 1:colcon.colcon_core.package_identification:_identify(src/motors) by extension 'python'
[0.336s] Level 1:colcon.colcon_core.package_identification:_identify(src/motors) by extensions ['python_setup_py']
[0.336s] Level 1:colcon.colcon_core.package_identification:_identify(src/motors) by extension 'python_setup_py'
[0.336s] Level 1:colcon.colcon_core.package_identification:_identify(src/rover) by extensions ['ignore', 'ignore_ament_install']
[0.336s] Level 1:colcon.colcon_core.package_identification:_identify(src/rover) by extension 'ignore'
[0.336s] Level 1:colcon.colcon_core.package_identification:_identify(src/rover) by extension 'ignore_ament_install'
[0.336s] Level 1:colcon.colcon_core.package_identification:_identify(src/rover) by extensions ['colcon_pkg']
[0.336s] Level 1:colcon.colcon_core.package_identification:_identify(src/rover) by extension 'colcon_pkg'
[0.336s] Level 1:colcon.colcon_core.package_identification:_identify(src/rover) by extensions ['colcon_meta']
[0.336s] Level 1:colcon.colcon_core.package_identification:_identify(src/rover) by extension 'colcon_meta'
[0.336s] Level 1:colcon.colcon_core.package_identification:_identify(src/rover) by extensions ['ros']
[0.336s] Level 1:colcon.colcon_core.package_identification:_identify(src/rover) by extension 'ros'
[0.337s] DEBUG:colcon.colcon_core.package_identification:Package 'src/rover' with type 'ros.catkin' and name 'rover'
[0.337s] Level 1:colcon.colcon_core.package_identification:_identify(src/switchboard) by extensions ['ignore', 'ignore_ament_install']
[0.337s] Level 1:colcon.colcon_core.package_identification:_identify(src/switchboard) by extension 'ignore'
[0.337s] Level 1:colcon.colcon_core.package_identification:_identify(src/switchboard) by extension 'ignore_ament_install'
[0.337s] Level 1:colcon.colcon_core.package_identification:_identify(src/switchboard) by extensions ['colcon_pkg']
[0.337s] Level 1:colcon.colcon_core.package_identification:_identify(src/switchboard) by extension 'colcon_pkg'
[0.337s] Level 1:colcon.colcon_core.package_identification:_identify(src/switchboard) by extensions ['colcon_meta']
[0.337s] Level 1:colcon.colcon_core.package_identification:_identify(src/switchboard) by extension 'colcon_meta'
[0.337s] Level 1:colcon.colcon_core.package_identification:_identify(src/switchboard) by extensions ['ros']
[0.337s] Level 1:colcon.colcon_core.package_identification:_identify(src/switchboard) by extension 'ros'
[0.337s] Level 1:colcon.colcon_core.package_identification:_identify(src/switchboard) by extensions ['cmake', 'python']
[0.337s] Level 1:colcon.colcon_core.package_identification:_identify(src/switchboard) by extension 'cmake'
[0.337s] Level 1:colcon.colcon_core.package_identification:_identify(src/switchboard) by extension 'python'
[0.338s] Level 1:colcon.colcon_core.package_identification:_identify(src/switchboard) by extensions ['python_setup_py']
[0.338s] Level 1:colcon.colcon_core.package_identification:_identify(src/switchboard) by extension 'python_setup_py'
[0.338s] Level 1:colcon.colcon_core.package_identification:_identify(src/vn) by extensions ['ignore', 'ignore_ament_install']
[0.338s] Level 1:colcon.colcon_core.package_identification:_identify(src/vn) by extension 'ignore'
[0.338s] Level 1:colcon.colcon_core.package_identification:_identify(src/vn) by extension 'ignore_ament_install'
[0.338s] Level 1:colcon.colcon_core.package_identification:_identify(src/vn) by extensions ['colcon_pkg']
[0.338s] Level 1:colcon.colcon_core.package_identification:_identify(src/vn) by extension 'colcon_pkg'
[0.338s] Level 1:colcon.colcon_core.package_identification:_identify(src/vn) by extensions ['colcon_meta']
[0.338s] Level 1:colcon.colcon_core.package_identification:_identify(src/vn) by extension 'colcon_meta'
[0.338s] Level 1:colcon.colcon_core.package_identification:_identify(src/vn) by extensions ['ros']
[0.338s] Level 1:colcon.colcon_core.package_identification:_identify(src/vn) by extension 'ros'
[0.339s] DEBUG:colcon.colcon_core.package_identification:Package 'src/vn' with type 'ros.ament_python' and name 'vn'
[0.339s] Level 1:colcon.colcon_core.package_discovery:discover_packages(recursive) using defaults
[0.340s] Level 1:colcon.colcon_core.package_discovery:discover_packages(ignore) discover
[0.340s] Level 1:colcon.colcon_core.package_discovery:discover_packages(ignore) using defaults
[0.340s] Level 1:colcon.colcon_core.package_discovery:discover_packages(path) discover
[0.340s] Level 1:colcon.colcon_core.package_discovery:discover_packages(path) using defaults
[0.359s] Level 1:colcon.colcon_core.package_discovery:discover_packages(prefix_path) check parameters
[0.359s] Level 1:colcon.colcon_core.package_discovery:discover_packages(prefix_path) discover
[0.362s] DEBUG:colcon.colcon_installed_package_information.package_discovery:Found 3 installed packages in /home/aaron/Team-Rover/install
[0.363s] DEBUG:colcon.colcon_installed_package_information.package_discovery:Found 270 installed packages in /opt/ros/humble
[0.364s] Level 1:colcon.colcon_core.package_discovery:discover_packages(prefix_path) using defaults
[0.414s] Level 5:colcon.colcon_core.verb:set package 'gps' build argument 'cmake_args' from command line to 'None'
[0.414s] Level 5:colcon.colcon_core.verb:set package 'gps' build argument 'cmake_target' from command line to 'None'
[0.414s] Level 5:colcon.colcon_core.verb:set package 'gps' build argument 'cmake_target_skip_unavailable' from command line to 'False'
[0.414s] Level 5:colcon.colcon_core.verb:set package 'gps' build argument 'cmake_clean_cache' from command line to 'False'
[0.414s] Level 5:colcon.colcon_core.verb:set package 'gps' build argument 'cmake_clean_first' from command line to 'False'
[0.414s] Level 5:colcon.colcon_core.verb:set package 'gps' build argument 'cmake_force_configure' from command line to 'False'
[0.414s] Level 5:colcon.colcon_core.verb:set package 'gps' build argument 'ament_cmake_args' from command line to 'None'
[0.414s] Level 5:colcon.colcon_core.verb:set package 'gps' build argument 'catkin_cmake_args' from command line to 'None'
[0.414s] Level 5:colcon.colcon_core.verb:set package 'gps' build argument 'catkin_skip_building_tests' from command line to 'False'
[0.414s] DEBUG:colcon.colcon_core.verb:Building package 'gps' with the following arguments: {'ament_cmake_args': None, 'build_base': '/home/aaron/Team-Rover/build/gps', 'catkin_cmake_args': None, 'catkin_skip_building_tests': False, 'cmake_args': None, 'cmake_clean_cache': False, 'cmake_clean_first': False, 'cmake_force_configure': False, 'cmake_target': None, 'cmake_target_skip_unavailable': False, 'install_base': '/home/aaron/Team-Rover/install/gps', 'merge_install': False, 'path': '/home/aaron/Team-Rover/src/gps', 'symlink_install': False, 'test_result_base': None}
[0.415s] Level 5:colcon.colcon_core.verb:set package 'ld08_driver' build argument 'cmake_args' from command line to 'None'
[0.415s] Level 5:colcon.colcon_core.verb:set package 'ld08_driver' build argument 'cmake_target' from command line to 'None'
[0.415s] Level 5:colcon.colcon_core.verb:set package 'ld08_driver' build argument 'cmake_target_skip_unavailable' from command line to 'False'
[0.415s] Level 5:colcon.colcon_core.verb:set package 'ld08_driver' build argument 'cmake_clean_cache' from command line to 'False'
[0.415s] Level 5:colcon.colcon_core.verb:set package 'ld08_driver' build argument 'cmake_clean_first' from command line to 'False'
[0.415s] Level 5:colcon.colcon_core.verb:set package 'ld08_driver' build argument 'cmake_force_configure' from command line to 'False'
[0.415s] Level 5:colcon.colcon_core.verb:set package 'ld08_driver' build argument 'ament_cmake_args' from command line to 'None'
[0.415s] Level 5:colcon.colcon_core.verb:set package 'ld08_driver' build argument 'catkin_cmake_args' from command line to 'None'
[0.415s] Level 5:colcon.colcon_core.verb:set package 'ld08_driver' build argument 'catkin_skip_building_tests' from command line to 'False'
[0.415s] DEBUG:colcon.colcon_core.verb:Building package 'ld08_driver' with the following arguments: {'ament_cmake_args': None, 'build_base': '/home/aaron/Team-Rover/build/ld08_driver', 'catkin_cmake_args': None, 'catkin_skip_building_tests': False, 'cmake_args': None, 'cmake_clean_cache': False, 'cmake_clean_first': False, 'cmake_force_configure': False, 'cmake_target': None, 'cmake_target_skip_unavailable': False, 'install_base': '/home/aaron/Team-Rover/install/ld08_driver', 'merge_install': False, 'path': '/home/aaron/Team-Rover/src/lidar/ld08_driver', 'symlink_install': False, 'test_result_base': None}
[0.415s] Level 5:colcon.colcon_core.verb:set package 'vn' build argument 'cmake_args' from command line to 'None'
[0.415s] Level 5:colcon.colcon_core.verb:set package 'vn' build argument 'cmake_target' from command line to 'None'
[0.416s] Level 5:colcon.colcon_core.verb:set package 'vn' build argument 'cmake_target_skip_unavailable' from command line to 'False'
[0.416s] Level 5:colcon.colcon_core.verb:set package 'vn' build argument 'cmake_clean_cache' from command line to 'False'
[0.416s] Level 5:colcon.colcon_core.verb:set package 'vn' build argument 'cmake_clean_first' from command line to 'False'
[0.416s] Level 5:colcon.colcon_core.verb:set package 'vn' build argument 'cmake_force_configure' from command line to 'False'
[0.416s] Level 5:colcon.colcon_core.verb:set package 'vn' build argument 'ament_cmake_args' from command line to 'None'
[0.416s] Level 5:colcon.colcon_core.verb:set package 'vn' build argument 'catkin_cmake_args' from command line to 'None'
[0.416s] Level 5:colcon.colcon_core.verb:set package 'vn' build argument 'catkin_skip_building_tests' from command line to 'False'
[0.416s] DEBUG:colcon.colcon_core.verb:Building package 'vn' with the following arguments: {'ament_cmake_args': None, 'build_base': '/home/aaron/Team-Rover/build/vn', 'catkin_cmake_args': None, 'catkin_skip_building_tests': False, 'cmake_args': None, 'cmake_clean_cache': False, 'cmake_clean_first': False, 'cmake_force_configure': False, 'cmake_target': None, 'cmake_target_skip_unavailable': False, 'install_base': '/home/aaron/Team-Rover/install/vn', 'merge_install': False, 'path': '/home/aaron/Team-Rover/src/vn', 'symlink_install': False, 'test_result_base': None}
[0.416s] Level 5:colcon.colcon_core.verb:set package 'rover' build argument 'cmake_args' from command line to 'None'
[0.416s] Level 5:colcon.colcon_core.verb:set package 'rover' build argument 'cmake_target' from command line to 'None'
[0.416s] Level 5:colcon.colcon_core.verb:set package 'rover' build argument 'cmake_target_skip_unavailable' from command line to 'False'
[0.416s] Level 5:colcon.colcon_core.verb:set package 'rover' build argument 'cmake_clean_cache' from command line to 'False'
[0.416s] Level 5:colcon.colcon_core.verb:set package 'rover' build argument 'cmake_clean_first' from command line to 'False'
[0.416s] Level 5:colcon.colcon_core.verb:set package 'rover' build argument 'cmake_force_configure' from command line to 'False'
[0.416s] Level 5:colcon.colcon_core.verb:set package 'rover' build argument 'ament_cmake_args' from command line to 'None'
[0.416s] Level 5:colcon.colcon_core.verb:set package 'rover' build argument 'catkin_cmake_args' from command line to 'None'
[0.416s] Level 5:colcon.colcon_core.verb:set package 'rover' build argument 'catkin_skip_building_tests' from command line to 'False'
[0.416s] DEBUG:colcon.colcon_core.verb:Building package 'rover' with the following arguments: {'ament_cmake_args': None, 'build_base': '/home/aaron/Team-Rover/build/rover', 'catkin_cmake_args': None, 'catkin_skip_building_tests': False, 'cmake_args': None, 'cmake_clean_cache': False, 'cmake_clean_first': False, 'cmake_force_configure': False, 'cmake_target': None, 'cmake_target_skip_unavailable': False, 'install_base': '/home/aaron/Team-Rover/install/rover', 'merge_install': False, 'path': '/home/aaron/Team-Rover/src/rover', 'symlink_install': False, 'test_result_base': None}
[0.416s] INFO:colcon.colcon_core.executor:Executing jobs using 'parallel' executor
[0.417s] DEBUG:colcon.colcon_parallel_executor.executor.parallel:run_until_complete
[0.418s] INFO:colcon.colcon_ros.task.ament_python.build:Building ROS package in '/home/aaron/Team-Rover/src/gps' with build type 'ament_python'
[0.418s] Level 1:colcon.colcon_core.shell:create_environment_hook('gps', 'ament_prefix_path')
[0.422s] INFO:colcon.colcon_core.plugin_system:Skipping extension 'colcon_core.shell.bat': Not used on non-Windows systems
[0.422s] INFO:colcon.colcon_core.shell:Creating environment hook '/home/aaron/Team-Rover/install/gps/share/gps/hook/ament_prefix_path.ps1'
[0.423s] INFO:colcon.colcon_core.shell:Creating environment descriptor '/home/aaron/Team-Rover/install/gps/share/gps/hook/ament_prefix_path.dsv'
[0.423s] INFO:colcon.colcon_core.shell:Creating environment hook '/home/aaron/Team-Rover/install/gps/share/gps/hook/ament_prefix_path.sh'
[0.424s] INFO:colcon.colcon_core.shell:Skip shell extension 'powershell' for command environment: Not usable outside of PowerShell
[0.424s] DEBUG:colcon.colcon_core.shell:Skip shell extension 'dsv' for command environment
[0.427s] INFO:colcon.colcon_ros.task.ament_python.build:Building ROS package in '/home/aaron/Team-Rover/src/vn' with build type 'ament_python'
[0.427s] Level 1:colcon.colcon_core.shell:create_environment_hook('vn', 'ament_prefix_path')
[0.427s] INFO:colcon.colcon_core.shell:Creating environment hook '/home/aaron/Team-Rover/install/vn/share/vn/hook/ament_prefix_path.ps1'
[0.427s] INFO:colcon.colcon_core.shell:Creating environment descriptor '/home/aaron/Team-Rover/install/vn/share/vn/hook/ament_prefix_path.dsv'
[0.428s] INFO:colcon.colcon_core.shell:Creating environment hook '/home/aaron/Team-Rover/install/vn/share/vn/hook/ament_prefix_path.sh'
[0.428s] INFO:colcon.colcon_core.shell:Skip shell extension 'powershell' for command environment: Not usable outside of PowerShell
[0.428s] DEBUG:colcon.colcon_core.shell:Skip shell extension 'dsv' for command environment
[0.431s] INFO:colcon.colcon_ros.task.ament_cmake.build:Building ROS package in '/home/aaron/Team-Rover/src/lidar/ld08_driver' with build type 'ament_cmake'
[0.431s] INFO:colcon.colcon_cmake.task.cmake.build:Building CMake package in '/home/aaron/Team-Rover/src/lidar/ld08_driver'
[0.432s] INFO:colcon.colcon_core.shell:Skip shell extension 'powershell' for command environment: Not usable outside of PowerShell
[0.432s] DEBUG:colcon.colcon_core.shell:Skip shell extension 'dsv' for command environment
[0.695s] INFO:colcon.colcon_core.task.python.build:Building Python package in '/home/aaron/Team-Rover/src/gps'
[0.695s] INFO:colcon.colcon_core.shell:Skip shell extension 'powershell' for command environment: Not usable outside of PowerShell
[0.695s] DEBUG:colcon.colcon_core.shell:Skip shell extension 'dsv' for command environment
[0.965s] INFO:colcon.colcon_core.task.python.build:Building Python package in '/home/aaron/Team-Rover/src/vn'
[0.966s] INFO:colcon.colcon_core.shell:Skip shell extension 'powershell' for command environment: Not usable outside of PowerShell
[0.966s] DEBUG:colcon.colcon_core.shell:Skip shell extension 'dsv' for command environment
[0.976s] DEBUG:colcon.colcon_core.event_handler.log_command:Invoking command in '/home/aaron/Team-Rover/build/ld08_driver': CMAKE_PREFIX_PATH=${CMAKE_PREFIX_PATH}:/home/aaron/Team-Rover/install/vn:/home/aaron/Team-Rover/install/gps:/opt/ros/humble /usr/bin/cmake --build /home/aaron/Team-Rover/build/ld08_driver -- -j8 -l8
[1.042s] DEBUG:colcon.colcon_core.event_handler.log_command:Invoked command in '/home/aaron/Team-Rover/build/ld08_driver' returned '0': CMAKE_PREFIX_PATH=${CMAKE_PREFIX_PATH}:/home/aaron/Team-Rover/install/vn:/home/aaron/Team-Rover/install/gps:/opt/ros/humble /usr/bin/cmake --build /home/aaron/Team-Rover/build/ld08_driver -- -j8 -l8
[1.083s] DEBUG:colcon.colcon_core.event_handler.log_command:Invoking command in '/home/aaron/Team-Rover/build/ld08_driver': CMAKE_PREFIX_PATH=${CMAKE_PREFIX_PATH}:/home/aaron/Team-Rover/install/vn:/home/aaron/Team-Rover/install/gps:/opt/ros/humble /usr/bin/cmake --install /home/aaron/Team-Rover/build/ld08_driver
[1.092s] Level 1:colcon.colcon_core.environment:create_environment_scripts_only(ld08_driver)
[1.093s] DEBUG:colcon.colcon_core.event_handler.log_command:Invoked command in '/home/aaron/Team-Rover/build/ld08_driver' returned '0': CMAKE_PREFIX_PATH=${CMAKE_PREFIX_PATH}:/home/aaron/Team-Rover/install/vn:/home/aaron/Team-Rover/install/gps:/opt/ros/humble /usr/bin/cmake --install /home/aaron/Team-Rover/build/ld08_driver
[1.098s] Level 1:colcon.colcon_core.environment:checking '/home/aaron/Team-Rover/install/ld08_driver' for CMake module files
[1.099s] Level 1:colcon.colcon_core.environment:checking '/home/aaron/Team-Rover/install/ld08_driver' for CMake config files
[1.099s] Level 1:colcon.colcon_core.shell:create_environment_hook('ld08_driver', 'cmake_prefix_path')
[1.099s] INFO:colcon.colcon_core.shell:Creating environment hook '/home/aaron/Team-Rover/install/ld08_driver/share/ld08_driver/hook/cmake_prefix_path.ps1'
[1.100s] INFO:colcon.colcon_core.shell:Creating environment descriptor '/home/aaron/Team-Rover/install/ld08_driver/share/ld08_driver/hook/cmake_prefix_path.dsv'
[1.100s] INFO:colcon.colcon_core.shell:Creating environment hook '/home/aaron/Team-Rover/install/ld08_driver/share/ld08_driver/hook/cmake_prefix_path.sh'
[1.101s] Level 1:colcon.colcon_core.environment:checking '/home/aaron/Team-Rover/install/ld08_driver/lib'
[1.101s] Level 1:colcon.colcon_core.environment:checking '/home/aaron/Team-Rover/install/ld08_driver/bin'
[1.101s] Level 1:colcon.colcon_core.environment:checking '/home/aaron/Team-Rover/install/ld08_driver/lib/pkgconfig/ld08_driver.pc'
[1.101s] Level 1:colcon.colcon_core.environment:checking '/home/aaron/Team-Rover/install/ld08_driver/lib/python3.10/site-packages'
[1.101s] Level 1:colcon.colcon_core.environment:checking '/home/aaron/Team-Rover/install/ld08_driver/bin'
[1.102s] INFO:colcon.colcon_core.shell:Creating package script '/home/aaron/Team-Rover/install/ld08_driver/share/ld08_driver/package.ps1'
[1.103s] INFO:colcon.colcon_core.shell:Creating package descriptor '/home/aaron/Team-Rover/install/ld08_driver/share/ld08_driver/package.dsv'
[1.103s] INFO:colcon.colcon_core.shell:Creating package script '/home/aaron/Team-Rover/install/ld08_driver/share/ld08_driver/package.sh'
[1.104s] INFO:colcon.colcon_core.shell:Creating package script '/home/aaron/Team-Rover/install/ld08_driver/share/ld08_driver/package.bash'
[1.105s] INFO:colcon.colcon_core.shell:Creating package script '/home/aaron/Team-Rover/install/ld08_driver/share/ld08_driver/package.zsh'
[1.105s] Level 1:colcon.colcon_core.environment:create_file_with_runtime_dependencies(/home/aaron/Team-Rover/install/ld08_driver/share/colcon-core/packages/ld08_driver)
[1.133s] Level 1:colcon.colcon_core.environment:create_environment_scripts_only(ld08_driver)
[1.133s] Level 1:colcon.colcon_core.environment:checking '/home/aaron/Team-Rover/install/ld08_driver' for CMake module files
[1.134s] Level 1:colcon.colcon_core.environment:checking '/home/aaron/Team-Rover/install/ld08_driver' for CMake config files
[1.134s] Level 1:colcon.colcon_core.shell:create_environment_hook('ld08_driver', 'cmake_prefix_path')
[1.135s] INFO:colcon.colcon_core.shell:Creating environment hook '/home/aaron/Team-Rover/install/ld08_driver/share/ld08_driver/hook/cmake_prefix_path.ps1'
[1.135s] INFO:colcon.colcon_core.shell:Creating environment descriptor '/home/aaron/Team-Rover/install/ld08_driver/share/ld08_driver/hook/cmake_prefix_path.dsv'
[1.136s] INFO:colcon.colcon_core.shell:Creating environment hook '/home/aaron/Team-Rover/install/ld08_driver/share/ld08_driver/hook/cmake_prefix_path.sh'
[1.136s] Level 1:colcon.colcon_core.environment:checking '/home/aaron/Team-Rover/install/ld08_driver/lib'
[1.136s] Level 1:colcon.colcon_core.environment:checking '/home/aaron/Team-Rover/install/ld08_driver/bin'
[1.136s] Level 1:colcon.colcon_core.environment:checking '/home/aaron/Team-Rover/install/ld08_driver/lib/pkgconfig/ld08_driver.pc'
[1.137s] Level 1:colcon.colcon_core.environment:checking '/home/aaron/Team-Rover/install/ld08_driver/lib/python3.10/site-packages'
[1.137s] Level 1:colcon.colcon_core.environment:checking '/home/aaron/Team-Rover/install/ld08_driver/bin'
[1.138s] INFO:colcon.colcon_core.shell:Creating package script '/home/aaron/Team-Rover/install/ld08_driver/share/ld08_driver/package.ps1'
[1.138s] INFO:colcon.colcon_core.shell:Creating package descriptor '/home/aaron/Team-Rover/install/ld08_driver/share/ld08_driver/package.dsv'
[1.139s] INFO:colcon.colcon_core.shell:Creating package script '/home/aaron/Team-Rover/install/ld08_driver/share/ld08_driver/package.sh'
[1.139s] INFO:colcon.colcon_core.shell:Creating package script '/home/aaron/Team-Rover/install/ld08_driver/share/ld08_driver/package.bash'
[1.140s] INFO:colcon.colcon_core.shell:Creating package script '/home/aaron/Team-Rover/install/ld08_driver/share/ld08_driver/package.zsh'
[1.140s] Level 1:colcon.colcon_core.environment:create_file_with_runtime_dependencies(/home/aaron/Team-Rover/install/ld08_driver/share/colcon-core/packages/ld08_driver)
[1.326s] DEBUG:colcon.colcon_core.event_handler.log_command:Invoking command in '/home/aaron/Team-Rover/src/vn': PYTHONPATH=/home/aaron/Team-Rover/build/vn/prefix_override:/home/aaron/Team-Rover/install/vn/lib/python3.10/site-packages:${PYTHONPATH} /usr/bin/python3 -W ignore:setup.py install is deprecated setup.py egg_info --egg-base ../../build/vn build --build-base /home/aaron/Team-Rover/build/vn/build install --record /home/aaron/Team-Rover/build/vn/install.log --single-version-externally-managed install_data
[1.330s] DEBUG:colcon.colcon_core.event_handler.log_command:Invoking command in '/home/aaron/Team-Rover/src/gps': PYTHONPATH=/home/aaron/Team-Rover/build/gps/prefix_override:/home/aaron/Team-Rover/install/gps/lib/python3.10/site-packages:${PYTHONPATH} /usr/bin/python3 -W ignore:setup.py install is deprecated setup.py egg_info --egg-base ../../build/gps build --build-base /home/aaron/Team-Rover/build/gps/build install --record /home/aaron/Team-Rover/build/gps/install.log --single-version-externally-managed install_data
[1.590s] DEBUG:colcon.colcon_core.event_handler.log_command:Invoked command in '/home/aaron/Team-Rover/src/gps' returned '1': PYTHONPATH=/home/aaron/Team-Rover/build/gps/prefix_override:/home/aaron/Team-Rover/install/gps/lib/python3.10/site-packages:${PYTHONPATH} /usr/bin/python3 -W ignore:setup.py install is deprecated setup.py egg_info --egg-base ../../build/gps build --build-base /home/aaron/Team-Rover/build/gps/build install --record /home/aaron/Team-Rover/build/gps/install.log --single-version-externally-managed install_data
[1.604s] DEBUG:colcon.colcon_parallel_executor.executor.parallel:closing loop
[1.605s] DEBUG:colcon.colcon_parallel_executor.executor.parallel:loop closed
[1.605s] DEBUG:colcon.colcon_parallel_executor.executor.parallel:run_until_complete finished with '1'
[1.605s] DEBUG:colcon.colcon_core.event_reactor:joining thread
[1.614s] INFO:colcon.colcon_core.plugin_system:Skipping extension 'colcon_notification.desktop_notification.terminal_notifier': Not used on non-Darwin systems
[1.615s] INFO:colcon.colcon_core.plugin_system:Skipping extension 'colcon_notification.desktop_notification.win32': Not used on non-Windows systems
[1.615s] INFO:colcon.colcon_notification.desktop_notification:Sending desktop notification using 'notify2'
[1.626s] DEBUG:colcon.colcon_core.event_reactor:joined thread
[1.627s] INFO:colcon.colcon_core.shell:Creating prefix script '/home/aaron/Team-Rover/install/local_setup.ps1'
[1.628s] INFO:colcon.colcon_core.shell:Creating prefix util module '/home/aaron/Team-Rover/install/_local_setup_util_ps1.py'
[1.630s] INFO:colcon.colcon_core.shell:Creating prefix chain script '/home/aaron/Team-Rover/install/setup.ps1'
[1.631s] INFO:colcon.colcon_core.shell:Creating prefix script '/home/aaron/Team-Rover/install/local_setup.sh'
[1.632s] INFO:colcon.colcon_core.shell:Creating prefix util module '/home/aaron/Team-Rover/install/_local_setup_util_sh.py'
[1.633s] INFO:colcon.colcon_core.shell:Creating prefix chain script '/home/aaron/Team-Rover/install/setup.sh'
[1.634s] INFO:colcon.colcon_core.shell:Creating prefix script '/home/aaron/Team-Rover/install/local_setup.bash'
[1.635s] INFO:colcon.colcon_core.shell:Creating prefix chain script '/home/aaron/Team-Rover/install/setup.bash'
[1.636s] INFO:colcon.colcon_core.shell:Creating prefix script '/home/aaron/Team-Rover/install/local_setup.zsh'
[1.637s] INFO:colcon.colcon_core.shell:Creating prefix chain script '/home/aaron/Team-Rover/install/setup.zsh'
