running egg_info
writing ../../build/gps/gps.egg-info/PKG-INFO
writing dependency_links to ../../build/gps/gps.egg-info/dependency_links.txt
writing entry points to ../../build/gps/gps.egg-info/entry_points.txt
writing requirements to ../../build/gps/gps.egg-info/requires.txt
writing top-level names to ../../build/gps/gps.egg-info/top_level.txt
reading manifest file '../../build/gps/gps.egg-info/SOURCES.txt'
writing manifest file '../../build/gps/gps.egg-info/SOURCES.txt'
running build
running build_py
creating /home/aaron/Team-Rover/build/gps/build
creating /home/aaron/Team-Rover/build/gps/build/lib
creating /home/aaron/Team-Rover/build/gps/build/lib/gps
copying gps/__init__.py -> /home/aaron/Team-Rover/build/gps/build/lib/gps
copying gps/gps_reader.py -> /home/aaron/Team-Rover/build/gps/build/lib/gps
copying gps/standalone_driver.py -> /home/aaron/Team-Rover/build/gps/build/lib/gps
running install
running install_lib
creating /home/aaron/Team-Rover/install/gps/lib/python3.10/site-packages/gps
copying /home/aaron/Team-Rover/build/gps/build/lib/gps/__init__.py -> /home/aaron/Team-Rover/install/gps/lib/python3.10/site-packages/gps
copying /home/aaron/Team-Rover/build/gps/build/lib/gps/gps_reader.py -> /home/aaron/Team-Rover/install/gps/lib/python3.10/site-packages/gps
copying /home/aaron/Team-Rover/build/gps/build/lib/gps/standalone_driver.py -> /home/aaron/Team-Rover/install/gps/lib/python3.10/site-packages/gps
byte-compiling /home/aaron/Team-Rover/install/gps/lib/python3.10/site-packages/gps/__init__.py to __init__.cpython-310.pyc
byte-compiling /home/aaron/Team-Rover/install/gps/lib/python3.10/site-packages/gps/gps_reader.py to gps_reader.cpython-310.pyc
byte-compiling /home/aaron/Team-Rover/install/gps/lib/python3.10/site-packages/gps/standalone_driver.py to standalone_driver.cpython-310.pyc
running install_data
copying resource/gps -> /home/aaron/Team-Rover/install/gps/share/ament_index/resource_index/packages
copying package.xml -> /home/aaron/Team-Rover/install/gps/share/gps
running install_egg_info
removing '/home/aaron/Team-Rover/install/gps/lib/python3.10/site-packages/gps-0.0.0-py3.10.egg-info' (and everything under it)
Copying ../../build/gps/gps.egg-info to /home/aaron/Team-Rover/install/gps/lib/python3.10/site-packages/gps-0.0.0-py3.10.egg-info
running install_scripts
writing list of installed files to '/home/aaron/Team-Rover/build/gps/install.log'
