[0.935s] Invoking command in '/home/aaron/Team-Rover/src/gps': PYTHONPATH=/home/aaron/Team-Rover/build/gps/prefix_override:/home/aaron/Team-Rover/install/gps/lib/python3.10/site-packages:${PYTHONPATH} /usr/bin/python3 -W ignore:setup.py install is deprecated setup.py egg_info --egg-base ../../build/gps build --build-base /home/aaron/Team-Rover/build/gps/build install --record /home/aaron/Team-Rover/build/gps/install.log --single-version-externally-managed install_data
[1.184s] running egg_info
[1.185s] writing ../../build/gps/gps.egg-info/PKG-INFO
[1.185s] writing dependency_links to ../../build/gps/gps.egg-info/dependency_links.txt
[1.185s] writing entry points to ../../build/gps/gps.egg-info/entry_points.txt
[1.186s] writing requirements to ../../build/gps/gps.egg-info/requires.txt
[1.186s] writing top-level names to ../../build/gps/gps.egg-info/top_level.txt
[1.190s] reading manifest file '../../build/gps/gps.egg-info/SOURCES.txt'
[1.191s] writing manifest file '../../build/gps/gps.egg-info/SOURCES.txt'
[1.191s] running build
[1.191s] running build_py
[1.191s] creating /home/aaron/Team-Rover/build/gps/build
[1.191s] creating /home/aaron/Team-Rover/build/gps/build/lib
[1.191s] creating /home/aaron/Team-Rover/build/gps/build/lib/gps
[1.192s] copying gps/__init__.py -> /home/aaron/Team-Rover/build/gps/build/lib/gps
[1.192s] copying gps/gps_reader.py -> /home/aaron/Team-Rover/build/gps/build/lib/gps
[1.192s] copying gps/standalone_driver.py -> /home/aaron/Team-Rover/build/gps/build/lib/gps
[1.192s] running install
[1.192s] running install_lib
[1.193s] creating /home/aaron/Team-Rover/install/gps/lib/python3.10/site-packages/gps
[1.193s] copying /home/aaron/Team-Rover/build/gps/build/lib/gps/__init__.py -> /home/aaron/Team-Rover/install/gps/lib/python3.10/site-packages/gps
[1.193s] copying /home/aaron/Team-Rover/build/gps/build/lib/gps/gps_reader.py -> /home/aaron/Team-Rover/install/gps/lib/python3.10/site-packages/gps
[1.193s] copying /home/aaron/Team-Rover/build/gps/build/lib/gps/standalone_driver.py -> /home/aaron/Team-Rover/install/gps/lib/python3.10/site-packages/gps
[1.194s] byte-compiling /home/aaron/Team-Rover/install/gps/lib/python3.10/site-packages/gps/__init__.py to __init__.cpython-310.pyc
[1.194s] byte-compiling /home/aaron/Team-Rover/install/gps/lib/python3.10/site-packages/gps/gps_reader.py to gps_reader.cpython-310.pyc
[1.196s] byte-compiling /home/aaron/Team-Rover/install/gps/lib/python3.10/site-packages/gps/standalone_driver.py to standalone_driver.cpython-310.pyc
[1.197s] running install_data
[1.197s] copying resource/gps -> /home/aaron/Team-Rover/install/gps/share/ament_index/resource_index/packages
[1.197s] copying package.xml -> /home/aaron/Team-Rover/install/gps/share/gps
[1.197s] running install_egg_info
[1.199s] removing '/home/aaron/Team-Rover/install/gps/lib/python3.10/site-packages/gps-0.0.0-py3.10.egg-info' (and everything under it)
[1.199s] Copying ../../build/gps/gps.egg-info to /home/aaron/Team-Rover/install/gps/lib/python3.10/site-packages/gps-0.0.0-py3.10.egg-info
[1.200s] running install_scripts
[1.223s] writing list of installed files to '/home/aaron/Team-Rover/build/gps/install.log'
[1.260s] Invoked command in '/home/aaron/Team-Rover/src/gps' returned '0': PYTHONPATH=/home/aaron/Team-Rover/build/gps/prefix_override:/home/aaron/Team-Rover/install/gps/lib/python3.10/site-packages:${PYTHONPATH} /usr/bin/python3 -W ignore:setup.py install is deprecated setup.py egg_info --egg-base ../../build/gps build --build-base /home/aaron/Team-Rover/build/gps/build install --record /home/aaron/Team-Rover/build/gps/install.log --single-version-externally-managed install_data
